[1mKpi
[0mStream  | Yield | Err | Count | Bias | CR/CR+SCF | CR/all | SCF/all | BKG/all
--------|-------|-----|-------|------|-----------|--------|---------|--------
      0 |  1466 |  49 |  1421 |   45 |     0.912 |  0.797 |   0.077 |   0.126
      1 |  1416 |  49 |  1458 |  -42 |     0.912 |  0.738 |   0.071 |   0.191
      2 |  1399 |  50 |  1431 |  -32 |     0.911 |  0.732 |   0.071 |   0.197
      3 |  1538 |  50 |  1492 |   46 |     0.912 |  0.777 |   0.075 |   0.148
      4 |  1438 |  50 |  1459 |  -21 |     0.912 |  0.737 |   0.071 |   0.191
      5 |  1410 |  49 |  1438 |  -28 |     0.911 |  0.756 |   0.073 |   0.170
Average |  1444 |  50 |  1450 |   -5 |     0.912 |  0.756 |   0.073 |   0.171

[1mKpipi0
[0mStream  | Yield | Err | Count | Bias | CR/CR+SCF | CR/all | SCF/all | BKG/all
--------|-------|-----|-------|------|-----------|--------|---------|--------
      0 |  1623 |  55 |  1619 |    4 |     0.866 |  0.649 |   0.101 |   0.250
      1 |  1660 |  55 |  1593 |   67 |     0.865 |  0.669 |   0.104 |   0.228
      2 |  1758 |  57 |  1746 |   12 |     0.866 |  0.665 |   0.103 |   0.232
      3 |  1612 |  55 |  1569 |   43 |     0.866 |  0.646 |   0.100 |   0.254
      4 |  1680 |  55 |  1676 |    4 |     0.866 |  0.669 |   0.104 |   0.227
      5 |  1700 |  57 |  1669 |   31 |     0.866 |  0.655 |   0.102 |   0.243
Average |  1672 |  56 |  1645 |   27 |     0.866 |  0.659 |   0.102 |   0.239

[1mK3pi
[0mStream  | Yield | Err | Count | Bias | CR/CR+SCF | CR/all | SCF/all | BKG/all
--------|-------|-----|-------|------|-----------|--------|---------|--------
      0 |  1404 |  50 |  1354 |   50 |     0.910 |  0.730 |   0.072 |   0.198
      1 |  1402 |  50 |  1403 |   -1 |     0.910 |  0.714 |   0.071 |   0.215
      2 |  1472 |  50 |  1426 |   46 |     0.910 |  0.756 |   0.075 |   0.169
      3 |  1422 |  50 |  1419 |    3 |     0.910 |  0.714 |   0.071 |   0.215
      4 |  1389 |  49 |  1407 |  -18 |     0.910 |  0.705 |   0.070 |   0.224
      5 |  1401 |  49 |  1361 |   40 |     0.910 |  0.738 |   0.073 |   0.189
Average |  1415 |  50 |  1395 |   20 |     0.910 |  0.726 |   0.072 |   0.202

[1mData
[0mChannel | Yield | Err | CR/CR+SCF | CR/all | SCF/all | BKG/all
--------|-------|-----|-----------|--------|---------|--------
Kpi     |  1740 |  65 |     0.911 |  0.886 |   0.086 |   0.027
Kpipi0  |  2212 |  76 |     0.865 |  0.749 |   0.116 |   0.135
K3pi    |  1615 |  60 |     0.910 |  0.773 |   0.077 |   0.150
Tot/Avg |  5567 | 117 |     0.893 |  0.799 |   0.095 |   0.106
