[1mKpi
[0mStream  | Yield | Err | Count | Bias | CR/CR+SCF | CR/all | SCF/all | BKG/all
--------|-------|-----|-------|------|-----------|--------|---------|--------
      0 |  2824 |  68 |  2741 |   83 |     0.917 |  0.790 |   0.072 |   0.138
      1 |  2707 |  69 |  2749 |  -42 |     0.917 |  0.731 |   0.066 |   0.203
      2 |  2778 |  69 |  2662 |  116 |     0.917 |  0.775 |   0.070 |   0.155
      3 |  2715 |  69 |  2728 |  -13 |     0.917 |  0.734 |   0.066 |   0.200
      4 |  2642 |  68 |  2628 |   14 |     0.917 |  0.736 |   0.067 |   0.197
      5 |  2729 |  69 |  2639 |   90 |     0.917 |  0.757 |   0.069 |   0.174
Average |  2732 |  69 |  2691 |   41 |     0.917 |  0.754 |   0.068 |   0.178

[1mKpipi0
[0mStream  | Yield | Err | Count | Bias | CR/CR+SCF | CR/all | SCF/all | BKG/all
--------|-------|-----|-------|------|-----------|--------|---------|--------
      0 |  2971 |  76 |  2979 |   -8 |     0.854 |  0.614 |   0.105 |   0.281
      1 |  3227 |  78 |  3193 |   34 |     0.854 |  0.641 |   0.109 |   0.250
      2 |  3079 |  77 |  3126 |  -47 |     0.854 |  0.619 |   0.106 |   0.275
      3 |  3285 |  78 |  3202 |   83 |     0.854 |  0.656 |   0.112 |   0.231
      4 |  3051 |  77 |  3141 |  -90 |     0.854 |  0.612 |   0.104 |   0.284
      5 |  3122 |  77 |  3127 |   -5 |     0.854 |  0.631 |   0.108 |   0.262
Average |  3122 |  77 |  3128 |   -6 |     0.854 |  0.629 |   0.107 |   0.264

[1mK3pi
[0mStream  | Yield | Err | Count | Bias | CR/CR+SCF | CR/all | SCF/all | BKG/all
--------|-------|-----|-------|------|-----------|--------|---------|--------
      0 |  2575 |  69 |  2589 |  -14 |     0.901 |  0.684 |   0.075 |   0.241
      1 |  2495 |  68 |  2489 |    6 |     0.901 |  0.678 |   0.075 |   0.248
      2 |  2763 |  70 |  2741 |   22 |     0.901 |  0.703 |   0.078 |   0.219
      3 |  2713 |  69 |  2667 |   46 |     0.901 |  0.721 |   0.079 |   0.200
      4 |  2752 |  70 |  2697 |   55 |     0.901 |  0.713 |   0.079 |   0.209
      5 |  2738 |  69 |  2660 |   78 |     0.901 |  0.725 |   0.080 |   0.195
Average |  2673 |  69 |  2640 |   32 |     0.901 |  0.704 |   0.078 |   0.219

[1mData
[0mChannel | Yield | Err | CR/CR+SCF | CR/all | SCF/all | BKG/all
--------|-------|-----|-----------|--------|---------|--------
Kpi     |  3154 |  93 |     0.917 |  0.789 |   0.072 |   0.140
Kpipi0  |  4157 | 107 |     0.854 |  0.723 |   0.123 |   0.154
K3pi    |  3310 |  89 |     0.901 |  0.772 |   0.085 |   0.143
Tot/Avg | 10621 | 167 |     0.887 |  0.757 |   0.096 |   0.146
