[1mKpi
[0mStream  | Yield | Err | Count | Bias | CR/CR+SCF | CR/all | SCF/all | BKG/all
--------|-------|-----|-------|------|-----------|--------|---------|--------
      0 |  2142 |  60 |  2150 |   -8 |     0.909 |  0.779 |   0.078 |   0.143
      1 |  2228 |  62 |  2210 |   18 |     0.909 |  0.765 |   0.076 |   0.159
      2 |  2169 |  61 |  2160 |    9 |     0.909 |  0.750 |   0.075 |   0.175
      3 |  2232 |  61 |  2183 |   49 |     0.909 |  0.776 |   0.078 |   0.147
      4 |  2164 |  61 |  2201 |  -37 |     0.909 |  0.745 |   0.074 |   0.181
      5 |  2153 |  60 |  2128 |   25 |     0.909 |  0.755 |   0.075 |   0.170
Average |  2181 |  61 |  2172 |    9 |     0.909 |  0.762 |   0.076 |   0.162

[1mKpipi0
[0mStream  | Yield | Err | Count | Bias | CR/CR+SCF | CR/all | SCF/all | BKG/all
--------|-------|-----|-------|------|-----------|--------|---------|--------
      0 |  2523 |  68 |  2520 |    3 |     0.853 |  0.654 |   0.113 |   0.233
      1 |  2552 |  69 |  2562 |  -10 |     0.853 |  0.654 |   0.113 |   0.233
      2 |  2414 |  67 |  2446 |  -32 |     0.853 |  0.642 |   0.111 |   0.248
      3 |  2571 |  69 |  2538 |   33 |     0.853 |  0.670 |   0.115 |   0.215
      4 |  2466 |  68 |  2443 |   23 |     0.853 |  0.636 |   0.110 |   0.254
      5 |  2458 |  68 |  2523 |  -65 |     0.853 |  0.638 |   0.110 |   0.252
Average |  2497 |  68 |  2505 |   -8 |     0.853 |  0.649 |   0.112 |   0.239

[1mK3pi
[0mStream  | Yield | Err | Count | Bias | CR/CR+SCF | CR/all | SCF/all | BKG/all
--------|-------|-----|-------|------|-----------|--------|---------|--------
      0 |  2056 |  60 |  2056 |    0 |     0.892 |  0.702 |   0.085 |   0.213
      1 |  2034 |  60 |  2043 |   -9 |     0.892 |  0.710 |   0.086 |   0.204
      2 |  2047 |  60 |  2077 |  -30 |     0.892 |  0.704 |   0.086 |   0.210
      3 |  1973 |  60 |  2054 |  -81 |     0.892 |  0.680 |   0.083 |   0.238
      4 |  2053 |  61 |  2131 |  -78 |     0.891 |  0.695 |   0.085 |   0.221
      5 |  2133 |  61 |  2157 |  -24 |     0.892 |  0.721 |   0.088 |   0.191
Average |  2049 |  60 |  2086 |  -37 |     0.892 |  0.702 |   0.085 |   0.213

[1mData
[0mChannel | Yield | Err | CR/CR+SCF | CR/all | SCF/all | BKG/all
--------|-------|-----|-----------|--------|---------|--------
Kpi     |  2444 |  78 |     0.909 |  0.819 |   0.082 |   0.099
Kpipi0  |  2930 |  91 |     0.853 |  0.673 |   0.116 |   0.211
K3pi    |  2484 |  75 |     0.892 |  0.779 |   0.095 |   0.127
Tot/Avg |  7858 | 141 |     0.883 |  0.752 |   0.099 |   0.149
