[1mKpi
[0mStream | Rbin | Yield | Err | Count | Bias | CR/CR+SCF | CR/all | SCF/all | BKG/all
-------|------|-------|-----|-------|------|-----------|--------|---------|--------
     0 |    0 |  2708 |  31 |  2741 |  -33 |     0.918 |  0.770 |   0.069 |   0.162
     0 |    1 |  1893 |  22 |  1843 |   50 |     0.910 |  0.769 |   0.076 |   0.155
     0 |    2 |  2181 |  25 |  2150 |   31 |     0.914 |  0.781 |   0.074 |   0.145
     0 |    3 |  1454 |  17 |  1421 |   33 |     0.914 |  0.781 |   0.073 |   0.145
     0 |    4 |  1254 |  14 |  1258 |   -4 |     0.921 |  0.788 |   0.068 |   0.144
     0 |    5 |  1128 |  13 |  1125 |    3 |     0.927 |  0.805 |   0.063 |   0.132
     0 |    6 |  1918 |  22 |  1879 |   39 |     0.940 |  0.855 |   0.055 |   0.090

[1mKpi
[0mStream | Rbin | Yield | Err | Count | Bias | CR/CR+SCF | CR/all | SCF/all | BKG/all
-------|------|-------|-----|-------|------|-----------|--------|---------|--------
     1 |    0 |  2731 |  32 |  2749 |  -18 |     0.918 |  0.747 |   0.067 |   0.186
     1 |    1 |  1909 |  22 |  1891 |   18 |     0.910 |  0.748 |   0.074 |   0.179
     1 |    2 |  2200 |  25 |  2210 |  -10 |     0.914 |  0.760 |   0.072 |   0.168
     1 |    3 |  1467 |  17 |  1458 |    9 |     0.914 |  0.760 |   0.071 |   0.168
     1 |    4 |  1264 |  15 |  1265 |   -1 |     0.921 |  0.768 |   0.066 |   0.166
     1 |    5 |  1138 |  13 |  1146 |   -8 |     0.927 |  0.785 |   0.062 |   0.154
     1 |    6 |  1935 |  22 |  1914 |   21 |     0.940 |  0.841 |   0.054 |   0.105

[1mKpi
[0mStream | Rbin | Yield | Err | Count | Bias | CR/CR+SCF | CR/all | SCF/all | BKG/all
-------|------|-------|-----|-------|------|-----------|--------|---------|--------
     2 |    0 |  2690 |  32 |  2662 |   28 |     0.918 |  0.735 |   0.066 |   0.199
     2 |    1 |  1881 |  22 |  1862 |   19 |     0.910 |  0.737 |   0.073 |   0.191
     2 |    2 |  2167 |  25 |  2160 |    7 |     0.914 |  0.750 |   0.071 |   0.179
     2 |    3 |  1445 |  17 |  1431 |   14 |     0.914 |  0.750 |   0.070 |   0.180
     2 |    4 |  1246 |  15 |  1202 |   44 |     0.921 |  0.757 |   0.065 |   0.178
     2 |    5 |  1121 |  13 |  1200 |  -79 |     0.927 |  0.775 |   0.061 |   0.164
     2 |    6 |  1906 |  22 |  1957 |  -51 |     0.940 |  0.834 |   0.054 |   0.113

[1mKpi
[0mStream | Rbin | Yield | Err | Count | Bias | CR/CR+SCF | CR/all | SCF/all | BKG/all
-------|------|-------|-----|-------|------|-----------|--------|---------|--------
     3 |    0 |  2739 |  32 |  2728 |   11 |     0.918 |  0.745 |   0.067 |   0.188
     3 |    1 |  1915 |  22 |  1906 |    9 |     0.910 |  0.746 |   0.074 |   0.180
     3 |    2 |  2206 |  25 |  2183 |   23 |     0.914 |  0.759 |   0.072 |   0.169
     3 |    3 |  1471 |  17 |  1492 |  -21 |     0.914 |  0.759 |   0.071 |   0.170
     3 |    4 |  1268 |  15 |  1251 |   17 |     0.921 |  0.766 |   0.066 |   0.167
     3 |    5 |  1141 |  13 |  1087 |   54 |     0.927 |  0.784 |   0.061 |   0.155
     3 |    6 |  1940 |  22 |  1988 |  -48 |     0.940 |  0.840 |   0.054 |   0.106

[1mKpi
[0mStream | Rbin | Yield | Err | Count | Bias | CR/CR+SCF | CR/all | SCF/all | BKG/all
-------|------|-------|-----|-------|------|-----------|--------|---------|--------
     4 |    0 |  2674 |  31 |  2628 |   46 |     0.918 |  0.731 |   0.065 |   0.203
     4 |    1 |  1869 |  22 |  1929 |  -60 |     0.910 |  0.733 |   0.072 |   0.195
     4 |    2 |  2154 |  25 |  2201 |  -47 |     0.914 |  0.746 |   0.071 |   0.183
     4 |    3 |  1436 |  17 |  1459 |  -23 |     0.914 |  0.746 |   0.070 |   0.184
     4 |    4 |  1238 |  14 |  1269 |  -31 |     0.921 |  0.753 |   0.065 |   0.182
     4 |    5 |  1114 |  13 |  1118 |   -4 |     0.927 |  0.771 |   0.060 |   0.168
     4 |    6 |  1894 |  22 |  1893 |    1 |     0.940 |  0.831 |   0.053 |   0.116

[1mKpi
[0mStream | Rbin | Yield | Err | Count | Bias | CR/CR+SCF | CR/all | SCF/all | BKG/all
-------|------|-------|-----|-------|------|-----------|--------|---------|--------
     5 |    0 |  2670 |  31 |  2639 |   31 |     0.918 |  0.749 |   0.067 |   0.184
     5 |    1 |  1866 |  22 |  1832 |   34 |     0.910 |  0.750 |   0.074 |   0.176
     5 |    2 |  2151 |  25 |  2128 |   23 |     0.914 |  0.763 |   0.072 |   0.165
     5 |    3 |  1434 |  17 |  1438 |   -4 |     0.914 |  0.763 |   0.072 |   0.166
     5 |    4 |  1236 |  14 |  1237 |   -1 |     0.921 |  0.770 |   0.066 |   0.164
     5 |    5 |  1112 |  13 |  1116 |   -4 |     0.927 |  0.787 |   0.062 |   0.151
     5 |    6 |  1891 |  22 |  1896 |   -5 |     0.940 |  0.843 |   0.054 |   0.103

[1mKpi Stream Averaged
[0mRbin | CR/CR+SCF | CR/all | SCF/all | BKG/all
-----|-----------|--------|---------|--------
   0 |     0.918 |  0.746 |   0.067 |   0.187
   1 |     0.910 |  0.747 |   0.074 |   0.179
   2 |     0.914 |  0.760 |   0.072 |   0.168
   3 |     0.914 |  0.760 |   0.071 |   0.169
   4 |     0.921 |  0.767 |   0.066 |   0.167
   5 |     0.927 |  0.784 |   0.061 |   0.154
   6 |     0.940 |  0.841 |   0.054 |   0.105
[1mKpipi0
[0mStream | Rbin | Yield | Err | Count | Bias | CR/CR+SCF | CR/all | SCF/all | BKG/all
-------|------|-------|-----|-------|------|-----------|--------|---------|--------
     0 |    0 |  3087 |  35 |  2979 |  108 |     0.862 |  0.627 |   0.100 |   0.273
     0 |    1 |  2072 |  23 |  2146 |  -74 |     0.849 |  0.621 |   0.110 |   0.269
     0 |    2 |  2487 |  28 |  2520 |  -33 |     0.860 |  0.650 |   0.106 |   0.244
     0 |    3 |  1629 |  18 |  1619 |   10 |     0.865 |  0.647 |   0.101 |   0.252
     0 |    4 |  1443 |  16 |  1442 |    1 |     0.866 |  0.658 |   0.102 |   0.240
     0 |    5 |  1315 |  15 |  1310 |    5 |     0.878 |  0.691 |   0.096 |   0.213
     0 |    6 |  2258 |  26 |  2301 |  -43 |     0.903 |  0.784 |   0.084 |   0.132

[1mKpipi0
[0mStream | Rbin | Yield | Err | Count | Bias | CR/CR+SCF | CR/all | SCF/all | BKG/all
-------|------|-------|-----|-------|------|-----------|--------|---------|--------
     1 |    0 |  3178 |  35 |  3193 |  -15 |     0.862 |  0.641 |   0.103 |   0.256
     1 |    1 |  2133 |  24 |  2044 |   89 |     0.849 |  0.635 |   0.113 |   0.252
     1 |    2 |  2560 |  29 |  2562 |   -2 |     0.860 |  0.663 |   0.108 |   0.229
     1 |    3 |  1677 |  19 |  1593 |   84 |     0.865 |  0.660 |   0.103 |   0.237
     1 |    4 |  1486 |  17 |  1534 |  -48 |     0.866 |  0.671 |   0.104 |   0.225
     1 |    5 |  1353 |  15 |  1309 |   44 |     0.878 |  0.704 |   0.098 |   0.199
     1 |    6 |  2324 |  26 |  2258 |   66 |     0.903 |  0.792 |   0.085 |   0.122

[1mKpipi0
[0mStream | Rbin | Yield | Err | Count | Bias | CR/CR+SCF | CR/all | SCF/all | BKG/all
-------|------|-------|-----|-------|------|-----------|--------|---------|--------
     2 |    0 |  3118 |  35 |  3126 |   -8 |     0.862 |  0.630 |   0.101 |   0.269
     2 |    1 |  2093 |  23 |  2094 |   -1 |     0.849 |  0.624 |   0.111 |   0.265
     2 |    2 |  2512 |  28 |  2446 |   66 |     0.860 |  0.653 |   0.107 |   0.241
     2 |    3 |  1646 |  18 |  1746 | -100 |     0.865 |  0.650 |   0.101 |   0.249
     2 |    4 |  1458 |  16 |  1432 |   26 |     0.866 |  0.660 |   0.102 |   0.237
     2 |    5 |  1328 |  15 |  1280 |   48 |     0.878 |  0.694 |   0.096 |   0.210
     2 |    6 |  2281 |  26 |  2375 |  -94 |     0.903 |  0.786 |   0.085 |   0.130

[1mKpipi0
[0mStream | Rbin | Yield | Err | Count | Bias | CR/CR+SCF | CR/all | SCF/all | BKG/all
-------|------|-------|-----|-------|------|-----------|--------|---------|--------
     3 |    0 |  3202 |  35 |  3202 |   -0 |     0.862 |  0.643 |   0.103 |   0.254
     3 |    1 |  2149 |  24 |  2121 |   28 |     0.849 |  0.637 |   0.113 |   0.250
     3 |    2 |  2579 |  29 |  2538 |   41 |     0.860 |  0.665 |   0.109 |   0.226
     3 |    3 |  1690 |  19 |  1569 |  121 |     0.865 |  0.663 |   0.103 |   0.234
     3 |    4 |  1497 |  17 |  1510 |  -13 |     0.866 |  0.673 |   0.104 |   0.223
     3 |    5 |  1364 |  15 |  1399 |  -35 |     0.878 |  0.705 |   0.098 |   0.197
     3 |    6 |  2342 |  26 |  2321 |   21 |     0.903 |  0.794 |   0.085 |   0.121

[1mKpipi0
[0mStream | Rbin | Yield | Err | Count | Bias | CR/CR+SCF | CR/all | SCF/all | BKG/all
-------|------|-------|-----|-------|------|-----------|--------|---------|--------
     4 |    0 |  3064 |  35 |  3141 |  -77 |     0.862 |  0.622 |   0.100 |   0.278
     4 |    1 |  2057 |  24 |  2011 |   46 |     0.849 |  0.616 |   0.110 |   0.274
     4 |    2 |  2468 |  28 |  2443 |   25 |     0.860 |  0.646 |   0.105 |   0.249
     4 |    3 |  1617 |  19 |  1676 |  -59 |     0.865 |  0.642 |   0.100 |   0.257
     4 |    4 |  1433 |  16 |  1419 |   14 |     0.866 |  0.653 |   0.101 |   0.245
     4 |    5 |  1305 |  15 |  1314 |   -9 |     0.878 |  0.687 |   0.095 |   0.217
     4 |    6 |  2241 |  26 |  2254 |  -13 |     0.903 |  0.781 |   0.084 |   0.135

[1mKpipi0
[0mStream | Rbin | Yield | Err | Count | Bias | CR/CR+SCF | CR/all | SCF/all | BKG/all
-------|------|-------|-----|-------|------|-----------|--------|---------|--------
     5 |    0 |  3140 |  35 |  3127 |   13 |     0.862 |  0.626 |   0.100 |   0.274
     5 |    1 |  2108 |  24 |  2125 |  -17 |     0.849 |  0.620 |   0.110 |   0.270
     5 |    2 |  2529 |  29 |  2523 |    6 |     0.860 |  0.649 |   0.106 |   0.245
     5 |    3 |  1657 |  19 |  1669 |  -12 |     0.865 |  0.646 |   0.101 |   0.253
     5 |    4 |  1468 |  17 |  1435 |   33 |     0.866 |  0.657 |   0.102 |   0.242
     5 |    5 |  1337 |  15 |  1328 |    9 |     0.878 |  0.690 |   0.096 |   0.214
     5 |    6 |  2297 |  26 |  2346 |  -49 |     0.903 |  0.783 |   0.084 |   0.132

[1mKpipi0 Stream Averaged
[0mRbin | CR/CR+SCF | CR/all | SCF/all | BKG/all
-----|-----------|--------|---------|--------
   0 |     0.862 |  0.632 |   0.101 |   0.267
   1 |     0.849 |  0.625 |   0.111 |   0.263
   2 |     0.860 |  0.654 |   0.107 |   0.239
   3 |     0.865 |  0.651 |   0.101 |   0.247
   4 |     0.866 |  0.662 |   0.102 |   0.236
   5 |     0.878 |  0.695 |   0.096 |   0.208
   6 |     0.903 |  0.787 |   0.085 |   0.129
[1mK3pi
[0mStream | Rbin | Yield | Err | Count | Bias | CR/CR+SCF | CR/all | SCF/all | BKG/all
-------|------|-------|-----|-------|------|-----------|--------|---------|--------
     0 |    0 |  2660 |  32 |  2589 |   71 |     0.904 |  0.703 |   0.075 |   0.222
     0 |    1 |  1823 |  22 |  1832 |   -9 |     0.902 |  0.710 |   0.078 |   0.212
     0 |    2 |  2106 |  25 |  2056 |   50 |     0.903 |  0.719 |   0.077 |   0.203
     0 |    3 |  1404 |  17 |  1354 |   50 |     0.905 |  0.720 |   0.076 |   0.204
     0 |    4 |  1256 |  15 |  1267 |  -11 |     0.911 |  0.739 |   0.072 |   0.189
     0 |    5 |  1133 |  13 |  1150 |  -17 |     0.917 |  0.769 |   0.069 |   0.162
     0 |    6 |  1921 |  23 |  1964 |  -43 |     0.935 |  0.834 |   0.058 |   0.108

[1mK3pi
[0mStream | Rbin | Yield | Err | Count | Bias | CR/CR+SCF | CR/all | SCF/all | BKG/all
-------|------|-------|-----|-------|------|-----------|--------|---------|--------
     1 |    0 |  2541 |  31 |  2489 |   52 |     0.904 |  0.692 |   0.074 |   0.234
     1 |    1 |  1741 |  21 |  1712 |   29 |     0.902 |  0.700 |   0.076 |   0.224
     1 |    2 |  2012 |  25 |  2043 |  -31 |     0.903 |  0.709 |   0.076 |   0.214
     1 |    3 |  1341 |  16 |  1403 |  -62 |     0.905 |  0.710 |   0.075 |   0.215
     1 |    4 |  1200 |  15 |  1222 |  -22 |     0.911 |  0.729 |   0.071 |   0.200
     1 |    5 |  1082 |  13 |  1036 |   46 |     0.917 |  0.760 |   0.068 |   0.171
     1 |    6 |  1835 |  22 |  1819 |   16 |     0.935 |  0.828 |   0.058 |   0.115

[1mK3pi
[0mStream | Rbin | Yield | Err | Count | Bias | CR/CR+SCF | CR/all | SCF/all | BKG/all
-------|------|-------|-----|-------|------|-----------|--------|---------|--------
     2 |    0 |  2643 |  32 |  2741 |  -98 |     0.904 |  0.693 |   0.074 |   0.234
     2 |    1 |  1811 |  22 |  1809 |    2 |     0.902 |  0.700 |   0.076 |   0.223
     2 |    2 |  2092 |  25 |  2077 |   15 |     0.903 |  0.709 |   0.076 |   0.214
     2 |    3 |  1395 |  17 |  1426 |  -31 |     0.905 |  0.710 |   0.075 |   0.215
     2 |    4 |  1248 |  15 |  1215 |   33 |     0.911 |  0.730 |   0.071 |   0.199
     2 |    5 |  1126 |  13 |  1152 |  -26 |     0.917 |  0.761 |   0.068 |   0.171
     2 |    6 |  1909 |  23 |  1843 |   66 |     0.935 |  0.828 |   0.058 |   0.114

[1mK3pi
[0mStream | Rbin | Yield | Err | Count | Bias | CR/CR+SCF | CR/all | SCF/all | BKG/all
-------|------|-------|-----|-------|------|-----------|--------|---------|--------
     3 |    0 |  2679 |  32 |  2667 |   12 |     0.904 |  0.705 |   0.075 |   0.220
     3 |    1 |  1836 |  22 |  1852 |  -16 |     0.902 |  0.713 |   0.078 |   0.210
     3 |    2 |  2121 |  25 |  2054 |   67 |     0.903 |  0.721 |   0.078 |   0.201
     3 |    3 |  1414 |  17 |  1419 |   -5 |     0.905 |  0.722 |   0.076 |   0.202
     3 |    4 |  1265 |  15 |  1256 |    9 |     0.911 |  0.741 |   0.072 |   0.187
     3 |    5 |  1141 |  13 |  1156 |  -15 |     0.917 |  0.771 |   0.069 |   0.160
     3 |    6 |  1935 |  23 |  1964 |  -29 |     0.935 |  0.836 |   0.058 |   0.106

[1mK3pi
[0mStream | Rbin | Yield | Err | Count | Bias | CR/CR+SCF | CR/all | SCF/all | BKG/all
-------|------|-------|-----|-------|------|-----------|--------|---------|--------
     4 |    0 |  2641 |  32 |  2697 |  -56 |     0.904 |  0.687 |   0.073 |   0.240
     4 |    1 |  1809 |  22 |  1771 |   38 |     0.902 |  0.695 |   0.076 |   0.229
     4 |    2 |  2090 |  25 |  2131 |  -41 |     0.903 |  0.704 |   0.076 |   0.220
     4 |    3 |  1394 |  17 |  1407 |  -13 |     0.905 |  0.705 |   0.074 |   0.221
     4 |    4 |  1247 |  15 |  1269 |  -22 |     0.911 |  0.724 |   0.071 |   0.205
     4 |    5 |  1125 |  13 |  1145 |  -20 |     0.917 |  0.756 |   0.068 |   0.176
     4 |    6 |  1907 |  23 |  1938 |  -31 |     0.935 |  0.825 |   0.057 |   0.118

[1mK3pi
[0mStream | Rbin | Yield | Err | Count | Bias | CR/CR+SCF | CR/all | SCF/all | BKG/all
-------|------|-------|-----|-------|------|-----------|--------|---------|--------
     5 |    0 |  2680 |  32 |  2660 |   20 |     0.904 |  0.710 |   0.075 |   0.215
     5 |    1 |  1836 |  22 |  1842 |   -6 |     0.902 |  0.717 |   0.078 |   0.205
     5 |    2 |  2122 |  25 |  2157 |  -35 |     0.903 |  0.726 |   0.078 |   0.196
     5 |    3 |  1414 |  17 |  1361 |   53 |     0.905 |  0.726 |   0.077 |   0.197
     5 |    4 |  1266 |  15 |  1241 |   25 |     0.911 |  0.745 |   0.073 |   0.183
     5 |    5 |  1141 |  13 |  1122 |   19 |     0.917 |  0.774 |   0.070 |   0.156
     5 |    6 |  1935 |  23 |  1967 |  -32 |     0.935 |  0.838 |   0.058 |   0.104

[1mK3pi Stream Averaged
[0mRbin | CR/CR+SCF | CR/all | SCF/all | BKG/all
-----|-----------|--------|---------|--------
   0 |     0.904 |  0.698 |   0.074 |   0.227
   1 |     0.902 |  0.706 |   0.077 |   0.217
   2 |     0.903 |  0.715 |   0.077 |   0.208
   3 |     0.905 |  0.716 |   0.075 |   0.209
   4 |     0.911 |  0.735 |   0.072 |   0.194
   5 |     0.917 |  0.765 |   0.069 |   0.166
   6 |     0.935 |  0.831 |   0.058 |   0.111
[1mData
[0m
[1mKpi
[0mRbin | Yield | Err | CR/CR+SCF | CR/all | SCF/all | BKG/all
-----|-------|-----|-----------|--------|---------|--------
   0 |  3085 |  41 |     0.918 |  0.802 |   0.072 |   0.127
   1 |  2157 |  29 |     0.910 |  0.805 |   0.079 |   0.116
   2 |  2485 |  33 |     0.914 |  0.815 |   0.077 |   0.107
   3 |  1657 |  22 |     0.914 |  0.825 |   0.077 |   0.098
   4 |  1428 |  19 |     0.921 |  0.820 |   0.071 |   0.110
   5 |  1286 |  17 |     0.927 |  0.842 |   0.066 |   0.092
   6 |  2185 |  29 |     0.940 |  0.877 |   0.056 |   0.066

[1mKpipi0
[0mRbin | Yield | Err | CR/CR+SCF | CR/all | SCF/all | BKG/all
-----|-------|-----|-----------|--------|---------|--------
   0 |  3910 |  48 |     0.862 |  0.696 |   0.111 |   0.193
   1 |  2624 |  32 |     0.849 |  0.692 |   0.123 |   0.185
   2 |  3149 |  39 |     0.860 |  0.710 |   0.116 |   0.174
   3 |  2063 |  25 |     0.865 |  0.714 |   0.111 |   0.174
   4 |  1828 |  23 |     0.866 |  0.728 |   0.113 |   0.160
   5 |  1665 |  21 |     0.878 |  0.762 |   0.106 |   0.133
   6 |  2860 |  35 |     0.903 |  0.816 |   0.088 |   0.096

[1mK3pi
[0mRbin | Yield | Err | CR/CR+SCF | CR/all | SCF/all | BKG/all
-----|-------|-----|-----------|--------|---------|--------
   0 |  3129 |  40 |     0.904 |  0.751 |   0.080 |   0.169
   1 |  2144 |  27 |     0.902 |  0.746 |   0.081 |   0.173
   2 |  2477 |  32 |     0.903 |  0.781 |   0.084 |   0.135
   3 |  1651 |  21 |     0.905 |  0.773 |   0.081 |   0.146
   4 |  1478 |  19 |     0.911 |  0.791 |   0.077 |   0.132
   5 |  1333 |  17 |     0.917 |  0.801 |   0.072 |   0.127
   6 |  2260 |  29 |     0.935 |  0.849 |   0.059 |   0.092
