[1mKpi
[0mStream  | Yield | Err | Count | Bias | CR/CR+SCF | CR/all | SCF/all | BKG/all
--------|-------|-----|-------|------|-----------|--------|---------|--------
      0 |  1805 |  54 |  1879 |  -74 |     0.943 |  0.805 |   0.049 |   0.146
      1 |  1956 |  55 |  1914 |   42 |     0.943 |  0.857 |   0.052 |   0.091
      2 |  1880 |  55 |  1957 |  -77 |     0.943 |  0.813 |   0.049 |   0.138
      3 |  1967 |  56 |  1988 |  -21 |     0.943 |  0.840 |   0.051 |   0.109
      4 |  1871 |  54 |  1893 |  -22 |     0.943 |  0.841 |   0.051 |   0.107
      5 |  1902 |  54 |  1896 |    6 |     0.943 |  0.853 |   0.052 |   0.095
Average |  1897 |  55 |  1921 |  -24 |     0.943 |  0.835 |   0.051 |   0.114

[1mKpipi0
[0mStream  | Yield | Err | Count | Bias | CR/CR+SCF | CR/all | SCF/all | BKG/all
--------|-------|-----|-------|------|-----------|--------|---------|--------
      0 |  2231 |  61 |  2301 |  -70 |     0.930 |  0.768 |   0.058 |   0.174
      1 |  2387 |  62 |  2258 |  129 |     0.930 |  0.825 |   0.062 |   0.113
      2 |  2415 |  63 |  2375 |   40 |     0.930 |  0.813 |   0.061 |   0.126
      3 |  2349 |  62 |  2321 |   28 |     0.930 |  0.802 |   0.061 |   0.137
      4 |  2274 |  62 |  2254 |   20 |     0.930 |  0.808 |   0.061 |   0.131
      5 |  2387 |  63 |  2346 |   41 |     0.930 |  0.801 |   0.060 |   0.138
Average |  2340 |  62 |  2309 |   31 |     0.930 |  0.803 |   0.061 |   0.136

[1mK3pi
[0mStream  | Yield | Err | Count | Bias | CR/CR+SCF | CR/all | SCF/all | BKG/all
--------|-------|-----|-------|------|-----------|--------|---------|--------
      0 |  1975 |  56 |  1964 |   11 |     0.946 |  0.847 |   0.048 |   0.105
      1 |  1821 |  54 |  1819 |    2 |     0.946 |  0.831 |   0.047 |   0.122
      2 |  1798 |  54 |  1843 |  -45 |     0.946 |  0.815 |   0.046 |   0.139
      3 |  1956 |  55 |  1964 |   -8 |     0.946 |  0.840 |   0.048 |   0.112
      4 |  1923 |  56 |  1938 |  -15 |     0.946 |  0.817 |   0.046 |   0.137
      5 |  1998 |  56 |  1967 |   31 |     0.946 |  0.862 |   0.049 |   0.090
Average |  1912 |  55 |  1916 |   -4 |     0.946 |  0.835 |   0.047 |   0.118

[1mData
[0mChannel | Yield | Err | CR/CR+SCF | CR/all | SCF/all | BKG/all
--------|-------|-----|-----------|--------|---------|--------
Kpi     |  2157 |  71 |     0.943 |  0.856 |   0.052 |   0.092
Kpipi0  |  2769 |  84 |     0.930 |  0.808 |   0.061 |   0.131
K3pi    |  2213 |  70 |     0.946 |  0.820 |   0.047 |   0.133
Tot/Avg |  7139 | 130 |     0.939 |  0.826 |   0.054 |   0.120
