[1mKpi
[0mStream  | Yield | Err | Count | Bias | CR/CR+SCF | CR/all | SCF/all | BKG/all
--------|-------|-----|-------|------|-----------|--------|---------|--------
      0 |  1135 |  43 |  1125 |   10 |     0.930 |  0.809 |   0.061 |   0.129
      1 |  1095 |  44 |  1146 |  -51 |     0.930 |  0.771 |   0.058 |   0.171
      2 |  1189 |  45 |  1200 |  -11 |     0.930 |  0.771 |   0.058 |   0.170
      3 |  1089 |  43 |  1087 |    2 |     0.930 |  0.772 |   0.058 |   0.170
      4 |  1146 |  44 |  1118 |   28 |     0.929 |  0.779 |   0.059 |   0.162
      5 |  1082 |  43 |  1116 |  -34 |     0.930 |  0.775 |   0.059 |   0.167
Average |  1123 |  44 |  1132 |   -9 |     0.930 |  0.779 |   0.059 |   0.162

[1mKpipi0
[0mStream  | Yield | Err | Count | Bias | CR/CR+SCF | CR/all | SCF/all | BKG/all
--------|-------|-----|-------|------|-----------|--------|---------|--------
      0 |  1348 |  49 |  1310 |   38 |     0.888 |  0.713 |   0.090 |   0.198
      1 |  1311 |  49 |  1309 |    2 |     0.888 |  0.698 |   0.088 |   0.214
      2 |  1293 |  48 |  1280 |   13 |     0.888 |  0.712 |   0.090 |   0.199
      3 |  1372 |  50 |  1399 |  -27 |     0.888 |  0.694 |   0.088 |   0.219
      4 |  1330 |  49 |  1314 |   16 |     0.888 |  0.686 |   0.087 |   0.228
      5 |  1368 |  50 |  1328 |   40 |     0.888 |  0.697 |   0.088 |   0.214
Average |  1337 |  49 |  1323 |   14 |     0.888 |  0.700 |   0.088 |   0.212

[1mK3pi
[0mStream  | Yield | Err | Count | Bias | CR/CR+SCF | CR/all | SCF/all | BKG/all
--------|-------|-----|-------|------|-----------|--------|---------|--------
      0 |  1176 |  43 |  1150 |   26 |     0.925 |  0.804 |   0.065 |   0.131
      1 |  1008 |  42 |  1036 |  -28 |     0.925 |  0.746 |   0.061 |   0.194
      2 |  1144 |  45 |  1152 |   -8 |     0.925 |  0.745 |   0.061 |   0.194
      3 |  1161 |  44 |  1156 |    5 |     0.925 |  0.782 |   0.063 |   0.155
      4 |  1179 |  44 |  1145 |   34 |     0.925 |  0.786 |   0.064 |   0.150
      5 |  1086 |  43 |  1122 |  -36 |     0.925 |  0.737 |   0.060 |   0.203
Average |  1126 |  44 |  1127 |   -1 |     0.925 |  0.767 |   0.062 |   0.171

[1mData
[0mChannel | Yield | Err | CR/CR+SCF | CR/all | SCF/all | BKG/all
--------|-------|-----|-----------|--------|---------|--------
Kpi     |  1291 |  59 |     0.930 |  0.838 |   0.063 |   0.099
Kpipi0  |  1555 |  65 |     0.888 |  0.729 |   0.092 |   0.179
K3pi    |  1418 |  57 |     0.925 |  0.855 |   0.069 |   0.075
Tot/Avg |  4264 | 105 |     0.913 |  0.804 |   0.076 |   0.121
