[1mKpi
[0mStream  | Yield | Err | Count | Bias | CR/CR+SCF | CR/all | SCF/all | BKG/all
--------|-------|-----|-------|------|-----------|--------|---------|--------
      0 |  1325 |  46 |  1258 |   67 |     0.925 |  0.822 |   0.067 |   0.111
      1 |  1247 |  46 |  1265 |  -18 |     0.925 |  0.755 |   0.061 |   0.184
      2 |  1223 |  46 |  1202 |   21 |     0.925 |  0.764 |   0.062 |   0.175
      3 |  1254 |  46 |  1251 |    3 |     0.925 |  0.769 |   0.063 |   0.168
      4 |  1268 |  46 |  1269 |   -1 |     0.925 |  0.764 |   0.062 |   0.173
      5 |  1219 |  46 |  1237 |  -18 |     0.925 |  0.753 |   0.061 |   0.186
Average |  1256 |  46 |  1247 |    9 |     0.925 |  0.771 |   0.063 |   0.166

[1mKpipi0
[0mStream  | Yield | Err | Count | Bias | CR/CR+SCF | CR/all | SCF/all | BKG/all
--------|-------|-----|-------|------|-----------|--------|---------|--------
      0 |  1414 |  52 |  1442 |  -28 |     0.878 |  0.647 |   0.090 |   0.263
      1 |  1553 |  53 |  1534 |   19 |     0.878 |  0.693 |   0.096 |   0.211
      2 |  1492 |  52 |  1432 |   60 |     0.878 |  0.679 |   0.094 |   0.226
      3 |  1568 |  52 |  1510 |   58 |     0.878 |  0.700 |   0.097 |   0.202
      4 |  1389 |  52 |  1419 |  -30 |     0.878 |  0.643 |   0.089 |   0.268
      5 |  1495 |  53 |  1435 |   60 |     0.878 |  0.665 |   0.093 |   0.242
Average |  1485 |  52 |  1462 |   23 |     0.878 |  0.671 |   0.093 |   0.235

[1mK3pi
[0mStream  | Yield | Err | Count | Bias | CR/CR+SCF | CR/all | SCF/all | BKG/all
--------|-------|-----|-------|------|-----------|--------|---------|--------
      0 |  1248 |  47 |  1267 |  -19 |     0.909 |  0.728 |   0.073 |   0.200
      1 |  1240 |  47 |  1222 |   18 |     0.909 |  0.740 |   0.074 |   0.186
      2 |  1180 |  46 |  1215 |  -35 |     0.909 |  0.686 |   0.069 |   0.245
      3 |  1316 |  47 |  1256 |   60 |     0.909 |  0.771 |   0.077 |   0.151
      4 |  1231 |  46 |  1269 |  -38 |     0.908 |  0.723 |   0.073 |   0.204
      5 |  1218 |  46 |  1241 |  -23 |     0.909 |  0.725 |   0.073 |   0.202
Average |  1239 |  46 |  1245 |   -6 |     0.909 |  0.729 |   0.073 |   0.198

[1mData
[0mChannel | Yield | Err | CR/CR+SCF | CR/all | SCF/all | BKG/all
--------|-------|-----|-----------|--------|---------|--------
Kpi     |  1464 |  61 |     0.925 |  0.844 |   0.069 |   0.087
Kpipi0  |  1820 |  71 |     0.878 |  0.746 |   0.104 |   0.150
K3pi    |  1426 |  59 |     0.909 |  0.778 |   0.078 |   0.143
Tot/Avg |  4710 | 111 |     0.902 |  0.786 |   0.085 |   0.129
