[1mKpi
[0mStream  | Yield | Err | Count | Bias | CR/CR+SCF | CR/all | SCF/all | BKG/all
--------|-------|-----|-------|------|-----------|--------|---------|--------
      0 |  1836 |  56 |  1843 |   -7 |     0.911 |  0.751 |   0.074 |   0.176
      1 |  1988 |  57 |  1891 |   97 |     0.911 |  0.784 |   0.077 |   0.139
      2 |  1812 |  57 |  1862 |  -50 |     0.911 |  0.707 |   0.069 |   0.223
      3 |  1888 |  57 |  1906 |  -18 |     0.911 |  0.736 |   0.072 |   0.192
      4 |  1847 |  58 |  1929 |  -82 |     0.911 |  0.713 |   0.070 |   0.217
      5 |  1864 |  56 |  1832 |   32 |     0.911 |  0.761 |   0.075 |   0.164
Average |  1872 |  57 |  1877 |   -5 |     0.911 |  0.742 |   0.073 |   0.185

[1mKpipi0
[0mStream  | Yield | Err | Count | Bias | CR/CR+SCF | CR/all | SCF/all | BKG/all
--------|-------|-----|-------|------|-----------|--------|---------|--------
      0 |  2169 |  63 |  2146 |   23 |     0.828 |  0.637 |   0.133 |   0.230
      1 |  2017 |  62 |  2044 |  -27 |     0.828 |  0.601 |   0.125 |   0.273
      2 |  1989 |  62 |  2094 | -105 |     0.828 |  0.593 |   0.123 |   0.284
      3 |  2066 |  63 |  2121 |  -55 |     0.828 |  0.607 |   0.126 |   0.266
      4 |  1993 |  62 |  2011 |  -18 |     0.828 |  0.609 |   0.127 |   0.265
      5 |  2010 |  63 |  2125 | -115 |     0.828 |  0.591 |   0.123 |   0.285
Average |  2041 |  62 |  2090 |  -50 |     0.828 |  0.606 |   0.126 |   0.267

[1mK3pi
[0mStream  | Yield | Err | Count | Bias | CR/CR+SCF | CR/all | SCF/all | BKG/all
--------|-------|-----|-------|------|-----------|--------|---------|--------
      0 |  1874 |  57 |  1832 |   42 |     0.900 |  0.724 |   0.080 |   0.195
      1 |  1759 |  56 |  1712 |   47 |     0.900 |  0.719 |   0.080 |   0.201
      2 |  1822 |  57 |  1809 |   13 |     0.900 |  0.709 |   0.079 |   0.212
      3 |  1859 |  57 |  1852 |    7 |     0.900 |  0.712 |   0.079 |   0.209
      4 |  1700 |  56 |  1771 |  -71 |     0.900 |  0.658 |   0.073 |   0.269
      5 |  1836 |  56 |  1842 |   -6 |     0.900 |  0.707 |   0.079 |   0.214
Average |  1808 |  56 |  1803 |    5 |     0.900 |  0.705 |   0.078 |   0.217

[1mData
[0mChannel | Yield | Err | CR/CR+SCF | CR/all | SCF/all | BKG/all
--------|-------|-----|-----------|--------|---------|--------
Kpi     |  2044 |  73 |     0.911 |  0.784 |   0.077 |   0.139
Kpipi0  |  2650 |  87 |     0.828 |  0.684 |   0.142 |   0.173
K3pi    |  2015 |  72 |     0.900 |  0.719 |   0.080 |   0.201
Tot/Avg |  6709 | 134 |     0.875 |  0.725 |   0.104 |   0.171
