[1mKpi
[0mStream  | Yield | Err | Count | Bias | CR/CR+SCF | CR/all | SCF/all | BKG/all
--------|-------|-----|-------|------|-----------|--------|---------|--------
      0 | 12536 | 143 | 12417 |  119 |     0.920 |  0.790 |   0.069 |   0.141
      1 | 12644 | 146 | 12633 |   11 |     0.920 |  0.770 |   0.067 |   0.163
      2 | 12455 | 146 | 12474 |  -19 |     0.920 |  0.759 |   0.066 |   0.175
      3 | 12681 | 146 | 12635 |   46 |     0.920 |  0.768 |   0.067 |   0.165
      4 | 12380 | 145 | 12497 | -117 |     0.920 |  0.756 |   0.066 |   0.179
      5 | 12360 | 144 | 12286 |   74 |     0.920 |  0.772 |   0.067 |   0.161
Average | 12509 | 145 | 12490 |   19 |     0.920 |  0.769 |   0.067 |   0.164

[1mKpipi0
[0mStream  | Yield | Err | Count | Bias | CR/CR+SCF | CR/all | SCF/all | BKG/all
--------|-------|-----|-------|------|-----------|--------|---------|--------
      0 | 14291 | 162 | 14317 |  -26 |     0.868 |  0.662 |   0.101 |   0.237
      1 | 14711 | 164 | 14493 |  218 |     0.868 |  0.675 |   0.102 |   0.222
      2 | 14437 | 162 | 14499 |  -62 |     0.868 |  0.665 |   0.101 |   0.234
      3 | 14822 | 164 | 14660 |  162 |     0.868 |  0.677 |   0.103 |   0.220
      4 | 14186 | 163 | 14258 |  -72 |     0.868 |  0.658 |   0.100 |   0.242
      5 | 14535 | 164 | 14553 |  -18 |     0.868 |  0.661 |   0.100 |   0.239
Average | 14497 | 163 | 14463 |   34 |     0.868 |  0.666 |   0.101 |   0.233

[1mK3pi
[0mStream  | Yield | Err | Count | Bias | CR/CR+SCF | CR/all | SCF/all | BKG/all
--------|-------|-----|-------|------|-----------|--------|---------|--------
      0 | 12315 | 146 | 12212 |  103 |     0.910 |  0.737 |   0.073 |   0.191
      1 | 11764 | 144 | 11724 |   40 |     0.910 |  0.727 |   0.072 |   0.201
      2 | 12234 | 146 | 12263 |  -29 |     0.910 |  0.728 |   0.072 |   0.201
      3 | 12404 | 146 | 12368 |   36 |     0.910 |  0.739 |   0.073 |   0.188
      4 | 12225 | 146 | 12358 | -133 |     0.910 |  0.722 |   0.071 |   0.206
      5 | 12407 | 146 | 12350 |   57 |     0.910 |  0.743 |   0.073 |   0.184
Average | 12225 | 146 | 12212 |   12 |     0.910 |  0.733 |   0.072 |   0.195

[1mData
[0mChannel | Yield | Err | CR/CR+SCF | CR/all | SCF/all | BKG/all
--------|-------|-----|-----------|--------|---------|--------
Kpi     | 14284 | 191 |     0.920 |  0.823 |   0.072 |   0.105
Kpipi0  | 18100 | 223 |     0.868 |  0.726 |   0.110 |   0.164
K3pi    | 14486 | 185 |     0.910 |  0.781 |   0.077 |   0.143
Tot/Avg | 46870 | 347 |     0.897 |  0.772 |   0.088 |   0.139
